<?xml version="1.0" encoding="UTF-8"?>
<!-- Generated by org.testng.reporters.JUnitReportReporter -->
<testsuite skipped="0" hostname="HP-PC" name="com.orangehrm.testcase.AddEmpRough" tests="1" failures="0" timestamp="19 Nov 2019 11:18:07 GMT" time="0.117" errors="0">
  <testcase name="addEmployee" time="0.117" classname="com.orangehrm.testcase.AddEmpRough"/>
</testsuite> <!-- com.orangehrm.testcase.AddEmpRough -->
