<?xml version="1.0" encoding="UTF-8"?>
<!-- Generated by org.testng.reporters.JUnitReportReporter -->
<testsuite skipped="0" hostname="HP-PC" name="com.orangehrm.testcase.BtnForAddEmp" tests="1" failures="0" timestamp="19 Nov 2019 12:04:37 GMT" time="2.211" errors="0">
  <testcase name="clickAdminBtn" time="2.211" classname="com.orangehrm.testcase.BtnForAddEmp"/>
</testsuite> <!-- com.orangehrm.testcase.BtnForAddEmp -->
