<?xml version="1.0" encoding="UTF-8"?>
<!-- Generated by org.testng.reporters.JUnitReportReporter -->
<testsuite skipped="0" hostname="HP-PC" name="com.orangehrm.testcase.LoginTest" tests="1" failures="0" timestamp="19 Nov 2019 12:04:37 GMT" time="4.826" errors="0">
  <testcase name="adminlogin" time="4.826" classname="com.orangehrm.testcase.LoginTest"/>
</testsuite> <!-- com.orangehrm.testcase.LoginTest -->
